<?xml version="1.0" encoding="UTF-8"?>
<testng-results ignored="0" total="9" passed="9" failed="0" skipped="0">
  <reporter-output>
  </reporter-output>
  <suite started-at="2024-06-04T19:44:03 UTC" name="Vendor-Portal" finished-at="2024-06-04T19:44:46 UTC" duration-ms="42408">
    <groups>
    </groups>
    <test started-at="2024-06-04T19:44:03 UTC" name="User-Mike" finished-at="2024-06-04T19:44:41 UTC" duration-ms="38138">
      <class name="com.pagetest.vendorportal.VendorPortalTest">
        <test-method is-config="true" signature="setDriver(org.testng.ITestContext)[pri:0, instance:com.pagetest.vendorportal.VendorPortalTest@56c4278e]" started-at="2024-06-04T19:44:03 UTC" name="setDriver" finished-at="2024-06-04T19:44:19 UTC" duration-ms="15829" status="PASS">
          <params>
            <param index="0">
              <value>
                <![CDATA[org.testng.TestRunner@6ed3f258]]>
              </value>
            </param>
          </params>
          <reporter-output>
          </reporter-output>
        </test-method> <!-- setDriver -->
        <test-method is-config="true" signature="setPageObject(java.lang.String)[pri:0, instance:com.pagetest.vendorportal.VendorPortalTest@56c4278e]" started-at="2024-06-04T19:44:19 UTC" name="setPageObject" finished-at="2024-06-04T19:44:20 UTC" depends-on-methods="com.pagetest.AbstractTest.setDriver" duration-ms="1436" status="PASS">
          <params>
            <param index="0">
              <value>
                <![CDATA[test-data/vendorportal/mike.json]]>
              </value>
            </param>
          </params>
          <reporter-output>
          </reporter-output>
        </test-method> <!-- setPageObject -->
        <test-method signature="loginTest()[pri:0, instance:com.pagetest.vendorportal.VendorPortalTest@56c4278e]" started-at="2024-06-04T19:44:21 UTC" name="loginTest" finished-at="2024-06-04T19:44:28 UTC" duration-ms="7697" status="PASS">
          <reporter-output>
          </reporter-output>
        </test-method> <!-- loginTest -->
        <test-method signature="dashboardTest()[pri:0, instance:com.pagetest.vendorportal.VendorPortalTest@56c4278e]" started-at="2024-06-04T19:44:28 UTC" name="dashboardTest" finished-at="2024-06-04T19:44:38 UTC" depends-on-methods="com.pagetest.vendorportal.VendorPortalTest.loginTest" duration-ms="9242" status="PASS">
          <reporter-output>
          </reporter-output>
        </test-method> <!-- dashboardTest -->
        <test-method signature="logout()[pri:0, instance:com.pagetest.vendorportal.VendorPortalTest@56c4278e]" started-at="2024-06-04T19:44:38 UTC" name="logout" finished-at="2024-06-04T19:44:41 UTC" depends-on-methods="com.pagetest.vendorportal.VendorPortalTest.dashboardTest" duration-ms="3455" status="PASS">
          <reporter-output>
          </reporter-output>
        </test-method> <!-- logout -->
        <test-method is-config="true" signature="quiteDriver()[pri:0, instance:com.pagetest.vendorportal.VendorPortalTest@56c4278e]" started-at="2024-06-04T19:44:41 UTC" name="quiteDriver" finished-at="2024-06-04T19:44:41 UTC" duration-ms="270" status="PASS">
          <reporter-output>
          </reporter-output>
        </test-method> <!-- quiteDriver -->
      </class> <!-- com.pagetest.vendorportal.VendorPortalTest -->
    </test> <!-- User-Mike -->
    <test started-at="2024-06-04T19:44:03 UTC" name="User-John" finished-at="2024-06-04T19:44:45 UTC" duration-ms="41798">
      <class name="com.pagetest.vendorportal.VendorPortalTest">
        <test-method is-config="true" signature="setUpConfig()[pri:0, instance:com.pagetest.vendorportal.VendorPortalTest@3d246ea3]" started-at="2024-06-04T19:44:03 UTC" name="setUpConfig" finished-at="2024-06-04T19:44:03 UTC" duration-ms="31" status="PASS">
          <reporter-output>
          </reporter-output>
        </test-method> <!-- setUpConfig -->
        <test-method is-config="true" signature="setDriver(org.testng.ITestContext)[pri:0, instance:com.pagetest.vendorportal.VendorPortalTest@3d246ea3]" started-at="2024-06-04T19:44:03 UTC" name="setDriver" finished-at="2024-06-04T19:44:19 UTC" duration-ms="15829" status="PASS">
          <params>
            <param index="0">
              <value>
                <![CDATA[org.testng.TestRunner@8ad6665]]>
              </value>
            </param>
          </params>
          <reporter-output>
          </reporter-output>
        </test-method> <!-- setDriver -->
        <test-method is-config="true" signature="setPageObject(java.lang.String)[pri:0, instance:com.pagetest.vendorportal.VendorPortalTest@3d246ea3]" started-at="2024-06-04T19:44:19 UTC" name="setPageObject" finished-at="2024-06-04T19:44:20 UTC" depends-on-methods="com.pagetest.AbstractTest.setDriver" duration-ms="1434" status="PASS">
          <params>
            <param index="0">
              <value>
                <![CDATA[test-data/vendorportal/john.json]]>
              </value>
            </param>
          </params>
          <reporter-output>
          </reporter-output>
        </test-method> <!-- setPageObject -->
        <test-method signature="loginTest()[pri:0, instance:com.pagetest.vendorportal.VendorPortalTest@3d246ea3]" started-at="2024-06-04T19:44:21 UTC" name="loginTest" finished-at="2024-06-04T19:44:28 UTC" duration-ms="7539" status="PASS">
          <reporter-output>
          </reporter-output>
        </test-method> <!-- loginTest -->
        <test-method signature="dashboardTest()[pri:0, instance:com.pagetest.vendorportal.VendorPortalTest@3d246ea3]" started-at="2024-06-04T19:44:28 UTC" name="dashboardTest" finished-at="2024-06-04T19:44:38 UTC" depends-on-methods="com.pagetest.vendorportal.VendorPortalTest.loginTest" duration-ms="9404" status="PASS">
          <reporter-output>
          </reporter-output>
        </test-method> <!-- dashboardTest -->
        <test-method signature="logout()[pri:0, instance:com.pagetest.vendorportal.VendorPortalTest@3d246ea3]" started-at="2024-06-04T19:44:38 UTC" name="logout" finished-at="2024-06-04T19:44:45 UTC" depends-on-methods="com.pagetest.vendorportal.VendorPortalTest.dashboardTest" duration-ms="7014" status="PASS">
          <reporter-output>
          </reporter-output>
        </test-method> <!-- logout -->
        <test-method is-config="true" signature="quiteDriver()[pri:0, instance:com.pagetest.vendorportal.VendorPortalTest@3d246ea3]" started-at="2024-06-04T19:44:45 UTC" name="quiteDriver" finished-at="2024-06-04T19:44:45 UTC" duration-ms="378" status="PASS">
          <reporter-output>
          </reporter-output>
        </test-method> <!-- quiteDriver -->
      </class> <!-- com.pagetest.vendorportal.VendorPortalTest -->
    </test> <!-- User-John -->
    <test started-at="2024-06-04T19:44:03 UTC" name="User-Sam" finished-at="2024-06-04T19:44:46 UTC" duration-ms="42408">
      <class name="com.pagetest.vendorportal.VendorPortalTest">
        <test-method is-config="true" signature="setDriver(org.testng.ITestContext)[pri:0, instance:com.pagetest.vendorportal.VendorPortalTest@7cbd9d24]" started-at="2024-06-04T19:44:03 UTC" name="setDriver" finished-at="2024-06-04T19:44:19 UTC" duration-ms="15829" status="PASS">
          <params>
            <param index="0">
              <value>
                <![CDATA[org.testng.TestRunner@2631f68c]]>
              </value>
            </param>
          </params>
          <reporter-output>
          </reporter-output>
        </test-method> <!-- setDriver -->
        <test-method is-config="true" signature="setPageObject(java.lang.String)[pri:0, instance:com.pagetest.vendorportal.VendorPortalTest@7cbd9d24]" started-at="2024-06-04T19:44:19 UTC" name="setPageObject" finished-at="2024-06-04T19:44:20 UTC" depends-on-methods="com.pagetest.AbstractTest.setDriver" duration-ms="1436" status="PASS">
          <params>
            <param index="0">
              <value>
                <![CDATA[test-data/vendorportal/sam.json]]>
              </value>
            </param>
          </params>
          <reporter-output>
          </reporter-output>
        </test-method> <!-- setPageObject -->
        <test-method signature="loginTest()[pri:0, instance:com.pagetest.vendorportal.VendorPortalTest@7cbd9d24]" started-at="2024-06-04T19:44:21 UTC" name="loginTest" finished-at="2024-06-04T19:44:28 UTC" duration-ms="7375" status="PASS">
          <reporter-output>
          </reporter-output>
        </test-method> <!-- loginTest -->
        <test-method signature="dashboardTest()[pri:0, instance:com.pagetest.vendorportal.VendorPortalTest@7cbd9d24]" started-at="2024-06-04T19:44:28 UTC" name="dashboardTest" finished-at="2024-06-04T19:44:37 UTC" depends-on-methods="com.pagetest.vendorportal.VendorPortalTest.loginTest" duration-ms="9443" status="PASS">
          <reporter-output>
          </reporter-output>
        </test-method> <!-- dashboardTest -->
        <test-method signature="logout()[pri:0, instance:com.pagetest.vendorportal.VendorPortalTest@7cbd9d24]" started-at="2024-06-04T19:44:37 UTC" name="logout" finished-at="2024-06-04T19:44:45 UTC" depends-on-methods="com.pagetest.vendorportal.VendorPortalTest.dashboardTest" duration-ms="7764" status="PASS">
          <reporter-output>
          </reporter-output>
        </test-method> <!-- logout -->
        <test-method is-config="true" signature="quiteDriver()[pri:0, instance:com.pagetest.vendorportal.VendorPortalTest@7cbd9d24]" started-at="2024-06-04T19:44:45 UTC" name="quiteDriver" finished-at="2024-06-04T19:44:46 UTC" duration-ms="340" status="PASS">
          <reporter-output>
          </reporter-output>
        </test-method> <!-- quiteDriver -->
      </class> <!-- com.pagetest.vendorportal.VendorPortalTest -->
    </test> <!-- User-Sam -->
  </suite> <!-- Vendor-Portal -->
</testng-results>
